<?xml version="1.0" encoding="UTF-8"?>
<testng-results ignored="0" total="2" passed="2" failed="0" skipped="0">
  <reporter-output>
  </reporter-output>
  <suite started-at="2024-10-24T15:42:47 IST" name="Default suite" finished-at="2024-10-24T15:43:39 IST" duration-ms="52361">
    <groups>
    </groups>
    <test started-at="2024-10-24T15:42:47 IST" name="Default test" finished-at="2024-10-24T15:43:39 IST" duration-ms="52361">
      <class name="SeleniumPractice.Program2Test">
        <test-method signature="testcase()[pri:0, instance:SeleniumPractice.Program2Test@2c35e847]" started-at="2024-10-24T15:42:47 IST" name="testcase" finished-at="2024-10-24T15:43:25 IST" duration-ms="38207" status="PASS">
          <reporter-output>
          </reporter-output>
        </test-method> <!-- testcase -->
        <test-method signature="testcase1()[pri:0, instance:SeleniumPractice.Program2Test@2c35e847]" started-at="2024-10-24T15:43:25 IST" name="testcase1" finished-at="2024-10-24T15:43:39 IST" duration-ms="13916" status="PASS">
          <reporter-output>
          </reporter-output>
        </test-method> <!-- testcase1 -->
      </class> <!-- SeleniumPractice.Program2Test -->
    </test> <!-- Default test -->
  </suite> <!-- Default suite -->
</testng-results>
